
src/slider-button-card.ts ΓåÆ dist...
rpt2: options error TS2688: [31mCannot find type definition file for '@testing-library/jest-dom'.[39m
rpt2: options error TS2688: [31mCannot find type definition file for 'jest'.[39m
[!] (plugin rpt2) Error: C:/Development/github_simbaja/ha-slider-button-card/src/types.ts(121,14): semantic error TS2322: Type 'Map<Domain, { direction: SliderDirections.LEFT_RIGHT; background: SliderBackground.GRADIENT; use_state_color: true; use_percentage_bg_opacity: false; show_track: false; ... 6 more ...; attribute?: undefined; } | ... 5 more ... | { ...; }>' is not assignable to type 'Map<string, SliderConfig>'.
  Type '{ direction: SliderDirections.LEFT_RIGHT; background: SliderBackground.GRADIENT; use_state_color: true; use_percentage_bg_opacity: false; show_track: false; toggle_on_click: false; ... 5 more ...; attribute?: undefined; } | ... 5 more ... | { ...; }' is not assignable to type 'SliderConfig'.
    Type '{ direction: SliderDirections.LEFT_RIGHT; background: SliderBackground.SOLID; use_state_color: false; use_percentage_bg_opacity: false; show_track: true; toggle_on_click: false; ... 5 more ...; attribute?: undefined; }' is not assignable to type 'SliderConfig'.
      Types of property 'change_during_slide' are incompatible.
        Type 'undefined' is not assignable to type 'boolean'.
src\types.ts
Error: C:/Development/github_simbaja/ha-slider-button-card/src/types.ts(121,14): semantic error TS2322: Type 'Map<Domain, { direction: SliderDirections.LEFT_RIGHT; background: SliderBackground.GRADIENT; use_state_color: true; use_percentage_bg_opacity: false; show_track: false; ... 6 more ...; attribute?: undefined; } | ... 5 more ... | { ...; }>' is not assignable to type 'Map<string, SliderConfig>'.
  Type '{ direction: SliderDirections.LEFT_RIGHT; background: SliderBackground.GRADIENT; use_state_color: true; use_percentage_bg_opacity: false; show_track: false; toggle_on_click: false; ... 5 more ...; attribute?: undefined; } | ... 5 more ... | { ...; }' is not assignable to type 'SliderConfig'.
    Type '{ direction: SliderDirections.LEFT_RIGHT; background: SliderBackground.SOLID; use_state_color: false; use_percentage_bg_opacity: false; show_track: true; toggle_on_click: false; ... 5 more ...; attribute?: undefined; }' is not assignable to type 'SliderConfig'.
      Types of property 'change_during_slide' are incompatible.
        Type 'undefined' is not assignable to type 'boolean'.
    at error (C:\Development\github_simbaja\ha-slider-button-card\node_modules\rollup\dist\shared\node-entry.js:5400:30)
    at throwPluginError (C:\Development\github_simbaja\ha-slider-button-card\node_modules\rollup\dist\shared\node-entry.js:11878:12)
    at Object.error (C:\Development\github_simbaja\ha-slider-button-card\node_modules\rollup\dist\shared\node-entry.js:12912:24)
    at Object.error (C:\Development\github_simbaja\ha-slider-button-card\node_modules\rollup\dist\shared\node-entry.js:12081:38)
    at RollupContext.error (C:\Development\github_simbaja\ha-slider-button-card\node_modules\rollup-plugin-typescript2\src\rollupcontext.ts:37:18)
    at C:\Development\github_simbaja\ha-slider-button-card\node_modules\rollup-plugin-typescript2\src\print-diagnostics.ts:41:11
    at arrayEach (C:\Development\github_simbaja\ha-slider-button-card\node_modules\rollup-plugin-typescript2\node_modules\lodash\lodash.js:516:11)
    at _.each (C:\Development\github_simbaja\ha-slider-button-card\node_modules\rollup-plugin-typescript2\node_modules\lodash\lodash.js:9342:14)
    at printDiagnostics (C:\Development\github_simbaja\ha-slider-button-card\node_modules\rollup-plugin-typescript2\src\print-diagnostics.ts:9:2)
    at Object.transform (C:\Development\github_simbaja\ha-slider-button-card\node_modules\rollup-plugin-typescript2\src\index.ts:234:5)

